2017-06-03 09:01:55,612 - Log4JLogChute initialized using file 'velocity.log'
2017-06-03 09:01:55,613 - Initializing Velocity, Calling init()...
2017-06-03 09:01:55,613 - Starting Apache Velocity v1.7 (compiled: 2010-11-19 12:14:37)
2017-06-03 09:01:55,613 - Default Properties File: org\apache\velocity\runtime\defaults\velocity.properties
2017-06-03 09:01:55,613 - Trying to use logger class org.apache.velocity.runtime.log.AvalonLogChute
2017-06-03 09:01:55,613 - Target log system for org.apache.velocity.runtime.log.AvalonLogChute is not available (java.lang.NoClassDefFoundError: org/apache/log/format/Formatter).  Falling back to next log system...
2017-06-03 09:01:55,613 - Trying to use logger class org.apache.velocity.runtime.log.Log4JLogChute
2017-06-03 09:01:55,613 - Using logger class org.apache.velocity.runtime.log.Log4JLogChute
2017-06-03 09:01:55,618 - ResourceLoader instantiated: org.apache.velocity.runtime.resource.loader.FileResourceLoader
2017-06-03 09:01:55,619 - Do unicode file recognition:  false
2017-06-03 09:01:55,619 - FileResourceLoader : adding path '.'
2017-06-03 09:01:55,633 - ResourceCache: initialized (class org.apache.velocity.runtime.resource.ResourceCacheImpl) with class java.util.Collections$SynchronizedMap cache map.
2017-06-03 09:01:55,635 - Loaded System Directive: org.apache.velocity.runtime.directive.Stop
2017-06-03 09:01:55,637 - Loaded System Directive: org.apache.velocity.runtime.directive.Define
2017-06-03 09:01:55,638 - Loaded System Directive: org.apache.velocity.runtime.directive.Break
2017-06-03 09:01:55,639 - Loaded System Directive: org.apache.velocity.runtime.directive.Evaluate
2017-06-03 09:01:55,639 - Loaded System Directive: org.apache.velocity.runtime.directive.Literal
2017-06-03 09:01:55,641 - Loaded System Directive: org.apache.velocity.runtime.directive.Macro
2017-06-03 09:01:55,643 - Loaded System Directive: org.apache.velocity.runtime.directive.Parse
2017-06-03 09:01:55,645 - Loaded System Directive: org.apache.velocity.runtime.directive.Include
2017-06-03 09:01:55,646 - Loaded System Directive: org.apache.velocity.runtime.directive.Foreach
2017-06-03 09:01:55,674 - Created '20' parsers.
2017-06-03 09:01:55,680 - Velocimacro : "velocimacro.library" is not set.  Trying default library: VM_global_library.vm
2017-06-03 09:01:55,680 - Velocimacro : Default library not found.
2017-06-03 09:01:55,680 - Velocimacro : allowInline = true : VMs can be defined inline in templates
2017-06-03 09:01:55,680 - Velocimacro : allowInlineToOverride = false : VMs defined inline may NOT replace previous VM definitions
2017-06-03 09:01:55,680 - Velocimacro : allowInlineLocal = false : VMs defined inline will be global in scope if allowed.
2017-06-03 09:01:55,680 - Velocimacro : autoload off : VM system will not automatically reload global library macros
